<?xml version="1.0" encoding="UTF-8"?>
<!-- Generated by org.testng.reporters.JUnitReportReporter -->
<testsuite hostname="ht-33" failures="0" tests="1" name="com.banking.testCase.TC_LoginTest_001" time="5.790" errors="0" timestamp="2023-09-02T18:25:22 IST" skipped="0">
  <testcase classname="com.banking.testCase.TC_LoginTest_001" name="loginTest" time="5.790"/>
</testsuite> <!-- com.banking.testCase.TC_LoginTest_001 -->
