<?xml version="1.0" encoding="UTF-8"?>
<!-- Generated by org.testng.reporters.JUnitReportReporter -->
<testsuite hostname="ht-33" failures="0" tests="2" name="com.banking.testCase.TC_LoginTest_001" time="5.812" errors="0" timestamp="2023-09-15T11:54:10 IST" skipped="0">
  <testcase classname="com.banking.testCase.TC_LoginTest_001" name="loginTest" time="4.412"/>
  <testcase classname="com.banking.testCase.TC_LoginTest_001" name="validUrl" time="1.400"/>
</testsuite> <!-- com.banking.testCase.TC_LoginTest_001 -->
